{
  "RSpec": {
    "coverage": {
      "/home/sagar23sj/Ruby_Training/Rails/kissan/spec/controllers/farmer_instruments_spec.rb": [
        1,
        null,
        1,
        null,
        null,
        1,
        1,
        1,
        1,
        null,
        1,
        null,
        null,
        null,
        1,
        null,
        1,
        1,
        null,
        null,
        null,
        null,
        1,
        null,
        1,
        1,
        null,
        null,
        null,
        null,
        null,
        1,
        null,
        1,
        1,
        null,
        null,
        null,
        null,
        null,
        1,
        null,
        1,
        1,
        null,
        null,
        null,
        null,
        null
      ],
      "/home/sagar23sj/Ruby_Training/Rails/kissan/spec/rails_helper.rb": [
        1,
        1,
        null,
        1,
        null,
        null,
        1,
        1,
        null,
        1,
        null,
        null,
        1,
        1,
        null,
        null,
        null,
        null,
        null,
        null,
        null,
        null,
        null,
        null,
        null,
        null,
        null,
        null,
        null,
        null,
        null,
        null,
        null,
        null,
        1,
        null,
        0,
        0,
        null,
        1,
        null,
        1,
        1,
        null,
        null,
        null,
        1,
        null,
        null,
        null,
        null,
        null,
        null,
        null,
        null,
        null,
        null,
        null,
        null,
        null,
        null,
        1,
        null,
        null,
        1,
        null,
        null,
        null,
        null,
        null,
        1,
        1,
        null,
        null,
        null,
        null,
        null,
        1,
        25,
        25,
        null,
        null,
        1,
        25,
        null,
        null,
        null,
        null,
        null,
        null,
        null,
        null,
        null,
        null,
        null,
        null
      ],
      "/home/sagar23sj/Ruby_Training/Rails/kissan/spec/support/factory_bot.rb": [
        1,
        null,
        1,
        1,
        null
      ],
      "/home/sagar23sj/Ruby_Training/Rails/kissan/config/environment.rb": [
        null,
        1,
        null,
        null,
        1
      ],
      "/home/sagar23sj/Ruby_Training/Rails/kissan/config/application.rb": [
        1,
        null,
        1,
        null,
        null,
        null,
        1,
        null,
        1,
        1,
        null,
        1,
        null,
        null,
        null,
        null,
        null,
        null,
        null
      ],
      "/home/sagar23sj/Ruby_Training/Rails/kissan/config/boot.rb": [
        1,
        null,
        1,
        1
      ],
      "/home/sagar23sj/Ruby_Training/Rails/kissan/config/environments/test.rb": [
        1,
        null,
        null,
        null,
        null,
        null,
        null,
        1,
        null,
        null,
        null,
        null,
        1,
        null,
        null,
        1,
        1,
        null,
        null,
        null,
        null,
        1,
        1,
        null,
        null,
        1,
        null,
        null,
        1,
        null,
        null,
        1,
        null,
        1,
        null,
        null,
        null,
        null,
        1,
        null,
        null,
        1,
        null,
        null,
        null,
        null
      ],
      "/home/sagar23sj/Ruby_Training/Rails/kissan/config/initializers/application_controller_renderer.rb": [
        null,
        null,
        null,
        null,
        null,
        null,
        null,
        null
      ],
      "/home/sagar23sj/Ruby_Training/Rails/kissan/config/initializers/assets.rb": [
        null,
        null,
        null,
        1,
        null,
        null,
        null,
        null,
        1,
        null,
        null,
        null,
        null,
        null
      ],
      "/home/sagar23sj/Ruby_Training/Rails/kissan/config/initializers/backtrace_silencers.rb": [
        null,
        null,
        null,
        null,
        null,
        null,
        null
      ],
      "/home/sagar23sj/Ruby_Training/Rails/kissan/config/initializers/content_security_policy.rb": [
        null,
        null,
        null,
        null,
        null,
        null,
        null,
        null,
        null,
        null,
        null,
        null,
        null,
        null,
        null,
        null,
        null,
        null,
        null,
        null,
        null,
        null,
        null,
        null,
        null
      ],
      "/home/sagar23sj/Ruby_Training/Rails/kissan/config/initializers/cookies_serializer.rb": [
        null,
        null,
        null,
        null,
        1
      ],
      "/home/sagar23sj/Ruby_Training/Rails/kissan/config/initializers/filter_parameter_logging.rb": [
        null,
        null,
        null,
        1
      ],
      "/home/sagar23sj/Ruby_Training/Rails/kissan/config/initializers/inflections.rb": [
        null,
        null,
        null,
        null,
        null,
        null,
        null,
        null,
        null,
        null,
        null,
        null,
        null,
        null,
        null,
        null
      ],
      "/home/sagar23sj/Ruby_Training/Rails/kissan/config/initializers/mime_types.rb": [
        null,
        null,
        null,
        null
      ],
      "/home/sagar23sj/Ruby_Training/Rails/kissan/config/initializers/wrap_parameters.rb": [
        null,
        null,
        null,
        null,
        null,
        null,
        1,
        2,
        null,
        null,
        null,
        null,
        null,
        null
      ],
      "/home/sagar23sj/Ruby_Training/Rails/kissan/spec/factories.rb": [
        1,
        null,
        null,
        null,
        null,
        null,
        null,
        null,
        null,
        null,
        null,
        null,
        null,
        null,
        null,
        null,
        null,
        null,
        null,
        null,
        null,
        null,
        null,
        null,
        null,
        null,
        null,
        null,
        null,
        null,
        null,
        1,
        null,
        1,
        3,
        1,
        1,
        3,
        3,
        3,
        null,
        null,
        null,
        null,
        1,
        11,
        10,
        10,
        9,
        10,
        null,
        null,
        null,
        null,
        1,
        3,
        3,
        3,
        3,
        null,
        null,
        null,
        1,
        9,
        1,
        9,
        8,
        8,
        7,
        8,
        8,
        null,
        null,
        null,
        null,
        1,
        7,
        1,
        1,
        5,
        null,
        null,
        null,
        null,
        null,
        null
      ],
      "/home/sagar23sj/Ruby_Training/Rails/kissan/config/routes.rb": [
        1,
        null,
        null,
        null,
        1,
        null,
        1,
        null,
        1,
        null,
        1,
        null,
        null,
        null,
        null,
        null,
        null
      ],
      "/home/sagar23sj/Ruby_Training/Rails/kissan/app/helpers/application_helper.rb": [
        1,
        null
      ],
      "/home/sagar23sj/Ruby_Training/Rails/kissan/app/helpers/farm_easy_helper.rb": [
        1,
        null
      ],
      "/home/sagar23sj/Ruby_Training/Rails/kissan/app/helpers/farmer_instruments_helper.rb": [
        1,
        null
      ],
      "/home/sagar23sj/Ruby_Training/Rails/kissan/app/helpers/farmers_helper.rb": [
        1,
        null
      ],
      "/home/sagar23sj/Ruby_Training/Rails/kissan/app/helpers/instruments_helper.rb": [
        1,
        null
      ],
      "/home/sagar23sj/Ruby_Training/Rails/kissan/app/helpers/rent_details_helper.rb": [
        1,
        null
      ],
      "/home/sagar23sj/Ruby_Training/Rails/kissan/app/controllers/farmer_instruments_controller.rb": [
        1,
        null,
        null,
        1,
        1,
        null,
        null,
        1,
        null,
        null,
        null,
        1,
        1,
        null,
        null,
        null,
        1,
        2,
        2,
        null,
        null,
        1,
        2,
        2,
        1,
        null,
        null,
        null,
        1,
        null,
        0,
        0,
        null,
        null,
        null,
        null,
        null,
        null,
        null,
        null,
        null,
        null,
        1,
        null,
        null,
        0,
        0,
        0,
        null,
        null,
        null,
        1,
        1,
        null,
        null,
        0,
        null,
        null,
        1,
        null,
        null,
        null,
        null,
        null,
        null,
        null,
        null,
        null,
        null
      ],
      "/home/sagar23sj/Ruby_Training/Rails/kissan/app/controllers/application_controller.rb": [
        1,
        null
      ],
      "/home/sagar23sj/Ruby_Training/Rails/kissan/spec/models/address_spec.rb": [
        1,
        null,
        1,
        null,
        1,
        1,
        null,
        null,
        1,
        null,
        1,
        null,
        1,
        1,
        null,
        null,
        null,
        null,
        null,
        null,
        null,
        1,
        1,
        1,
        null,
        null,
        1,
        1,
        1,
        null,
        null,
        1,
        1,
        1,
        null,
        null,
        1,
        1,
        1,
        null,
        null,
        1,
        1,
        1,
        null,
        null,
        1,
        1,
        1,
        null,
        null,
        null,
        1,
        1,
        1,
        null,
        null,
        null,
        null,
        null,
        null,
        null,
        null,
        null,
        null
      ],
      "/home/sagar23sj/Ruby_Training/Rails/kissan/app/models/address.rb": [
        1,
        1,
        null,
        1,
        1,
        1,
        null,
        null
      ],
      "/home/sagar23sj/Ruby_Training/Rails/kissan/app/models/application_record.rb": [
        1,
        1,
        null
      ],
      "/home/sagar23sj/Ruby_Training/Rails/kissan/spec/models/farmer_instrument_spec.rb": [
        1,
        null,
        1,
        null,
        null,
        null
      ],
      "/home/sagar23sj/Ruby_Training/Rails/kissan/app/models/farmer_instrument.rb": [
        1,
        null,
        1,
        1,
        1,
        null,
        1,
        1,
        null,
        1,
        null,
        null
      ],
      "/home/sagar23sj/Ruby_Training/Rails/kissan/spec/models/farmer_spec.rb": [
        1,
        null,
        1,
        null,
        1,
        null,
        1,
        null,
        1,
        1,
        1,
        1,
        1,
        null,
        null,
        null,
        null,
        null,
        null,
        1,
        1,
        null,
        null,
        1,
        1,
        null,
        null,
        1,
        1,
        1,
        null,
        null,
        1,
        1,
        1,
        null,
        null,
        1,
        1,
        1,
        null,
        null,
        1,
        1,
        1,
        null,
        null,
        1,
        1,
        1,
        null,
        null,
        null,
        null,
        null,
        null,
        null,
        null,
        null,
        null,
        null
      ],
      "/home/sagar23sj/Ruby_Training/Rails/kissan/app/models/farmer.rb": [
        1,
        null,
        1,
        1,
        null,
        1,
        1,
        null,
        1,
        null,
        null,
        null,
        1,
        5,
        5,
        null,
        null,
        null,
        null,
        null,
        1,
        1,
        1,
        null,
        1,
        1,
        null,
        null
      ],
      "/home/sagar23sj/Ruby_Training/Rails/kissan/spec/models/instrument_spec.rb": [

      ],
      "/home/sagar23sj/Ruby_Training/Rails/kissan/spec/models/rent_spec.rb": [
        1,
        null,
        1,
        null,
        1,
        1,
        1,
        1,
        null,
        null,
        1,
        null,
        1,
        null,
        null,
        null,
        null,
        null,
        null,
        null,
        null,
        1,
        1,
        1,
        null,
        null,
        1,
        1,
        1,
        null,
        null,
        1,
        1,
        1,
        null,
        null,
        1,
        1,
        null,
        1,
        null,
        null,
        1,
        1,
        1,
        null,
        null,
        null,
        null,
        null,
        null,
        null,
        null,
        null,
        null,
        null,
        null
      ],
      "/home/sagar23sj/Ruby_Training/Rails/kissan/app/models/rent.rb": [
        1,
        null,
        1,
        1,
        1,
        1,
        null,
        null
      ],
      "/home/sagar23sj/Ruby_Training/Rails/kissan/app/models/instrument.rb": [
        1,
        null,
        1,
        null,
        1,
        1,
        null,
        null,
        null,
        null,
        null
      ]
    },
    "timestamp": 1579722450
  }
}
